[13:50:46] [ServerMain/INFO]: Environment: Environment[sessionHost=https://sessionserver.mojang.com, servicesHost=https://api.minecraftservices.com, name=PROD]
[13:50:48] [ServerMain/INFO]: Loaded 1290 recipes
[13:50:49] [ServerMain/INFO]: Loaded 1399 advancements
[13:50:49] [Server thread/INFO]: Starting minecraft server version 1.21.1
[13:50:49] [Server thread/INFO]: Loading properties
[13:50:49] [Server thread/INFO]: Default game type: SURVIVAL
[13:50:49] [Server thread/INFO]: Generating keypair
[13:50:49] [Server thread/INFO]: Starting Minecraft server on *:25565
[13:50:49] [Server thread/INFO]: Using epoll channel type
[13:50:50] [Server thread/WARN]: **** SERVER IS RUNNING IN OFFLINE/INSECURE MODE!
[13:50:50] [Server thread/WARN]: The server will make no attempt to authenticate usernames. Beware.
[13:50:50] [Server thread/WARN]: While this makes the game possible to play without internet access, it also opens up the ability for hackers to connect with any username they choose.
[13:50:50] [Server thread/WARN]: To change this, set "online-mode" to "true" in the server.properties file.
[13:50:50] [Server thread/INFO]: Preparing level "world"
[13:50:55] [Server thread/INFO]: Preparing start region for dimension minecraft:overworld
[13:50:56] [Worker-Main-1/INFO]: Preparing spawn area: 0%
[13:50:56] [Worker-Main-1/INFO]: Preparing spawn area: 0%
[13:50:56] [Server thread/INFO]: Time elapsed: 833 ms
[13:50:56] [Server thread/INFO]: Done (6.192s)! For help, type "help"
[13:51:48] [Server thread/INFO]: theHULK[/172.17.0.1:49988] logged in with entity id 11 at (2254.0919247412853, 70.0, 1320.7272749472113)
[13:51:48] [Server thread/INFO]: theHULK joined the game
[13:53:23] [Server thread/INFO]: theHULK lost connection: Disconnected
[13:53:23] [Server thread/INFO]: theHULK left the game
[13:53:39] [Server thread/INFO]: Stopping the server
[13:53:39] [Server thread/INFO]: Stopping server
[13:53:39] [Server thread/INFO]: Saving players
[13:53:39] [Server thread/INFO]: Saving worlds
[13:53:39] [Server thread/INFO]: Saving chunks for level 'ServerLevel[New World A4]'/minecraft:overworld
[13:53:39] [Server thread/INFO]: Saving chunks for level 'ServerLevel[New World A4]'/minecraft:the_end
[13:53:39] [Server thread/INFO]: Saving chunks for level 'ServerLevel[New World A4]'/minecraft:the_nether
[13:53:39] [Server thread/INFO]: ThreadedAnvilChunkStorage (world): All chunks are saved
[13:53:39] [Server thread/INFO]: ThreadedAnvilChunkStorage (DIM1): All chunks are saved
[13:53:39] [Server thread/INFO]: ThreadedAnvilChunkStorage (DIM-1): All chunks are saved
[13:53:39] [Server thread/INFO]: ThreadedAnvilChunkStorage: All dimensions are saved
